* 10:32 PM  Log restarted on Saturday, November 7, 1992.
  10:32 PM  FastChat 0.95

----------  Saturday, November 7, 1992
* 10:32 PM  Jay Ruff paged sysop
* 10:32 PM  Sysop did not respond
* 10:32 PM  Chat terminated

----------  Sunday, November 8, 1992
* 09:20 PM  Michael Reiter paged sysop
* 09:20 PM  User aborted page
* 09:20 PM  Chat terminated

----------  Wednesday, November 11, 1992
* 11:21 PM  Rick Neill paged sysop
* 11:21 PM  Sysop did not respond
* 11:21 PM  Chat terminated

----------  Wednesday, November 11, 1992
* 11:21 PM  Rick Neill paged sysop
* 11:21 PM  Sysop did not respond
* 11:21 PM  Chat terminated

----------  Thursday, November 12, 1992
* 05:04 PM  Terry Hogan paged sysop
* 05:04 PM  Sysop did not respond
* 05:04 PM  Chat terminated

----------  Friday, November 13, 1992
* 07:47 PM  Peter Svec paged sysop
* 07:47 PM  Sysop did not respond
* 07:47 PM  Chat terminated

----------  Saturday, November 14, 1992
* 08:37 PM  Mike Valeriote paged sysop
* 08:37 PM  Sysop did not respond
* 08:37 PM  Chat terminated

----------  Sunday, November 15, 1992
* 08:20 PM  Brian Sturm paged sysop
* 08:20 PM  Sysop did not respond
* 08:20 PM  Chat terminated

----------  Tuesday, November 17, 1992
* 09:27 PM  Steven Solinger paged sysop
* 09:27 PM  User aborted page
* 09:27 PM  Chat terminated

----------  Thursday, November 19, 1992
* 05:19 AM  Mike Valeriote paged sysop
* 05:19 AM  Sysop did not respond
* 05:19 AM  Chat terminated

----------  Friday, November 20, 1992
* 12:42 PM  Mike Valeriote paged sysop
* 12:42 PM  Sysop did not respond
* 12:42 PM  Chat terminated

----------  Monday, November 23, 1992
* 10:05 PM  Mike Macdougall paged sysop
* 10:05 PM  User aborted page
* 10:05 PM  Chat terminated

----------  Tuesday, November 24, 1992
* 06:49 PM  Mike Macdougall paged sysop
* 06:49 PM  User aborted page
* 06:49 PM  Chat terminated

----------  Tuesday, November 24, 1992
* 06:52 PM  Mike Macdougall paged sysop
* 06:52 PM  Sysop did not respond
* 06:52 PM  Chat terminated

----------  Tuesday, November 24, 1992
* 08:15 PM  Tim Billings paged sysop
* 08:15 PM  Sysop did not respond
* 08:15 PM  Chat terminated

----------  Friday, November 27, 1992
* 06:31 PM  Tim Billings paged sysop
* 06:31 PM  Sysop did not respond
* 06:31 PM  Chat terminated

----------  Monday, November 30, 1992
* 06:07 PM  Nathan Touchette paged sysop
* 06:07 PM  Sysop did not respond
* 06:07 PM  Chat terminated

----------  Tuesday, December 1, 1992
* 12:49 PM  Jason Reid paged sysop
* 12:49 PM  Sysop did not respond
* 12:49 PM  Chat terminated

----------  Tuesday, December 1, 1992
* 04:58 PM  Pepin Woolcock paged sysop
* 04:58 PM  Sysop did not respond
* 04:58 PM  Chat terminated

----------  Tuesday, December 1, 1992
* 10:34 PM  Greg Appleyard paged sysop
* 10:34 PM  User aborted page
* 10:34 PM  Chat terminated

----------  Tuesday, December 1, 1992
* 11:08 PM  Tom Denman paged sysop
* 11:08 PM  User aborted page
* 11:08 PM  Chat terminated

----------  Wednesday, December 2, 1992
* 04:53 PM  John Kleingebbinck paged sysop
* 04:53 PM  Sysop did not respond
* 04:53 PM  Chat terminated

----------  Wednesday, December 2, 1992
* 05:35 PM  Mark Hilverda paged sysop
* 05:35 PM  Sysop did not respond
* 05:35 PM  Chat terminated

----------  Saturday, May 15, 1993
* 01:48 PM  Mark Longo paged sysop
* 01:48 PM  Sysop aborted page
* 01:48 PM  Chat terminated (local)

----------  Monday, September 8, 1997
* 11:53 PM  Mark Longo paged sysop
* 11:53 PM  Sysop answered page
* 11:53 PM  Chat terminated (local)

----------  Saturday, September 20, 1997
* 06:40 PM  Mark Longo paged sysop
* 06:40 PM  Sysop aborted page
* 06:40 PM  Chat terminated (local)

----------  Thursday, August 5, 2021
* 12:20 AM  Mark Longo paged sysop
* 12:20 AM  Sysop answered page
* 12:21 AM  Chat terminated (local)

----------  Monday, August 30, 2021
* 09:52 PM  Bob Smith paged sysop
* 09:52 PM  Sysop answered page
* 09:52 PM  Chat terminated (local)

----------  Monday, August 30, 2021
* 11:17 PM  Bob Smith paged sysop
* 11:17 PM  Sysop answered page
* 11:17 PM  Chat terminated (local)

----------  Tuesday, August 31, 2021
* 11:36 AM  Bob Smith paged sysop
* 11:36 AM  Sysop answered page
* 11:36 AM  Chat terminated (local)

